{
	"stats": {
		"suites": 1,
		"tests": 2,
		"passes": 2,
		"pending": 0,
		"failures": 0,
		"start": "2026-03-28T18:10:01.397Z",
		"end": "2026-03-28T18:10:02.340Z",
		"duration": 943,
		"testsRegistered": 2,
		"passPercent": 100,
		"pendingPercent": 0,
		"other": 0,
		"hasOther": false,
		"skipped": 0,
		"hasSkipped": false
	},
	"results": [
		{
			"uuid": "1c330d1a-992c-4f71-b291-e276d3a39716",
			"title": "",
			"fullFile": "/Users/bristi/Desktop/Projects/HWU/HWU - DevOPs/Coursework/Coursework/services/diagnostics-vitals-service/test/vitalsService.test.js",
			"file": "/test/vitalsService.test.js",
			"beforeHooks": [],
			"afterHooks": [],
			"tests": [],
			"suites": [
				{
					"uuid": "76c1a603-786b-4216-a767-ad5763b14d38",
					"title": "vitalsService (integration)",
					"fullFile": "/Users/bristi/Desktop/Projects/HWU/HWU - DevOPs/Coursework/Coursework/services/diagnostics-vitals-service/test/vitalsService.test.js",
					"file": "/test/vitalsService.test.js",
					"beforeHooks": [
						{
							"title": "\"before all\" hook in \"vitalsService (integration)\"",
							"fullTitle": "vitalsService (integration) \"before all\" hook in \"vitalsService (integration)\"",
							"timedOut": false,
							"duration": 424,
							"state": null,
							"speed": null,
							"pass": false,
							"fail": false,
							"pending": false,
							"context": null,
							"code": "await mongoose.connect(MONGO_URI);",
							"err": {},
							"uuid": "74cf6617-9f3b-471f-995c-4ef104aeee33",
							"parentUUID": "76c1a603-786b-4216-a767-ad5763b14d38",
							"isHook": true,
							"skipped": false
						},
						{
							"title": "\"before each\" hook in \"vitalsService (integration)\"",
							"fullTitle": "vitalsService (integration) \"before each\" hook in \"vitalsService (integration)\"",
							"timedOut": false,
							"duration": 39,
							"state": null,
							"speed": null,
							"pass": false,
							"fail": false,
							"pending": false,
							"context": null,
							"code": "await Vitals.deleteMany({});",
							"err": {},
							"uuid": "3b48e483-86dc-4648-9780-47516a4f8c41",
							"parentUUID": "76c1a603-786b-4216-a767-ad5763b14d38",
							"isHook": true,
							"skipped": false
						}
					],
					"afterHooks": [
						{
							"title": "\"after all\" hook in \"vitalsService (integration)\"",
							"fullTitle": "vitalsService (integration) \"after all\" hook in \"vitalsService (integration)\"",
							"timedOut": false,
							"duration": 48,
							"state": null,
							"speed": null,
							"pass": false,
							"fail": false,
							"pending": false,
							"context": null,
							"code": "await mongoose.connection.dropDatabase();\nawait mongoose.disconnect();",
							"err": {},
							"uuid": "efc8cf9b-7ef2-4e44-b325-286413e3b0ca",
							"parentUUID": "76c1a603-786b-4216-a767-ad5763b14d38",
							"isHook": true,
							"skipped": false
						}
					],
					"tests": [
						{
							"title": "addVitals should create vitals and return 201",
							"fullTitle": "vitalsService (integration) addVitals should create vitals and return 201",
							"timedOut": false,
							"duration": 64,
							"state": "passed",
							"speed": "medium",
							"pass": true,
							"fail": false,
							"pending": false,
							"context": null,
							"code": "const req = { params: { patientId: 'p1' }, body: { temperature: 37, bp_systolic: 120, bp_diastolic: 80, pulse: 70, source: 'device', createdBy: 'Nurse', updatedBy: 'Nurse' }, user: { name: 'Nurse' } };\nconst res = { status: function(code) { this.statusCode = code; return this; }, json: function(data) { this.data = data; return this; } };\nawait vitalsService.addVitals(req, res);\nexpect(res.statusCode).to.equal(201);\nexpect(res.data).to.have.property('patientId', 'p1');",
							"err": {},
							"uuid": "2ddae85d-f305-4e1e-a3aa-5795484719a0",
							"parentUUID": "76c1a603-786b-4216-a767-ad5763b14d38",
							"isHook": false,
							"skipped": false
						},
						{
							"title": "getVitals should return vitals array",
							"fullTitle": "vitalsService (integration) getVitals should return vitals array",
							"timedOut": false,
							"duration": 75,
							"state": "passed",
							"speed": "medium",
							"pass": true,
							"fail": false,
							"pending": false,
							"context": null,
							"code": "await Vitals.create({ patientId: 'p1', temperature: 37, bp_systolic: 120, bp_diastolic: 80, pulse: 70, source: 'device', createdBy: 'Nurse', updatedBy: 'Nurse' });\nconst req = { params: { patientId: 'p1' } };\nconst res = { json: function(data) { this.data = data; return this; } };\nawait vitalsService.getVitals(req, res);\nexpect(res.data).to.be.an('array');\nexpect(res.data[0]).to.have.property('patientId', 'p1');",
							"err": {},
							"uuid": "faa40351-0883-4137-bbad-e3c33bc19626",
							"parentUUID": "76c1a603-786b-4216-a767-ad5763b14d38",
							"isHook": false,
							"skipped": false
						}
					],
					"suites": [],
					"passes": [
						"2ddae85d-f305-4e1e-a3aa-5795484719a0",
						"faa40351-0883-4137-bbad-e3c33bc19626"
					],
					"failures": [],
					"pending": [],
					"skipped": [],
					"duration": 139,
					"root": false,
					"rootEmpty": false,
					"_timeout": 20000
				}
			],
			"passes": [],
			"failures": [],
			"pending": [],
			"skipped": [],
			"duration": 0,
			"root": true,
			"rootEmpty": true,
			"_timeout": 2000
		}
	],
	"meta": {
		"mocha": {
			"version": "10.8.2"
		},
		"mochawesome": {
			"options": {
				"quiet": false,
				"reportFilename": "mochawesome",
				"saveHtml": true,
				"saveJson": true,
				"consoleReporter": "spec",
				"useInlineDiffs": false,
				"code": true
			},
			"version": "7.1.4"
		},
		"marge": {
			"options": null,
			"version": "6.3.2"
		}
	}
}
