{
  "stats": {
    "suites": 1,
    "tests": 2,
    "passes": 2,
    "pending": 0,
    "failures": 0,
    "start": "2026-03-30T07:00:17.807Z",
    "end": "2026-03-30T07:00:19.222Z",
    "duration": 1415,
    "testsRegistered": 2,
    "passPercent": 100,
    "pendingPercent": 0,
    "other": 0,
    "hasOther": false,
    "skipped": 0,
    "hasSkipped": false
  },
  "results": [
    {
      "uuid": "7702e582-1276-4535-9133-1f8e68b4d434",
      "title": "",
      "fullFile": "/Users/bristi/Desktop/Projects/HWU/HWU - DevOPs/Coursework/Coursework/services/diagnostics-vitals-service/test/vitalsService.test.js",
      "file": "/test/vitalsService.test.js",
      "beforeHooks": [],
      "afterHooks": [],
      "tests": [],
      "suites": [
        {
          "uuid": "e6fe1eaf-4e86-49e0-a02e-aa44d301951e",
          "title": "vitalsService (integration)",
          "fullFile": "/Users/bristi/Desktop/Projects/HWU/HWU - DevOPs/Coursework/Coursework/services/diagnostics-vitals-service/test/vitalsService.test.js",
          "file": "/test/vitalsService.test.js",
          "beforeHooks": [
            {
              "title": "\"before all\" hook in \"vitalsService (integration)\"",
              "fullTitle": "vitalsService (integration) \"before all\" hook in \"vitalsService (integration)\"",
              "timedOut": false,
              "duration": 1218,
              "state": null,
              "speed": null,
              "pass": false,
              "fail": false,
              "pending": false,
              "context": null,
              "code": "mongoServer = await MongoMemoryServer.create();\nawait mongoose.connect(mongoServer.getUri(), {\n\tdbName: \"mocha_Test\",\n});",
              "err": {},
              "uuid": "22bf2eee-f3c5-4644-a9b7-b46027ffa3da",
              "parentUUID": "e6fe1eaf-4e86-49e0-a02e-aa44d301951e",
              "isHook": true,
              "skipped": false
            },
            {
              "title": "\"before each\" hook in \"vitalsService (integration)\"",
              "fullTitle": "vitalsService (integration) \"before each\" hook in \"vitalsService (integration)\"",
              "timedOut": false,
              "duration": 1,
              "state": null,
              "speed": null,
              "pass": false,
              "fail": false,
              "pending": false,
              "context": null,
              "code": "await Vitals.deleteMany({});",
              "err": {},
              "uuid": "06334012-2931-4cd6-94ca-bb7778ac24e2",
              "parentUUID": "e6fe1eaf-4e86-49e0-a02e-aa44d301951e",
              "isHook": true,
              "skipped": false
            }
          ],
          "afterHooks": [
            {
              "title": "\"after all\" hook in \"vitalsService (integration)\"",
              "fullTitle": "vitalsService (integration) \"after all\" hook in \"vitalsService (integration)\"",
              "timedOut": false,
              "duration": 110,
              "state": null,
              "speed": null,
              "pass": false,
              "fail": false,
              "pending": false,
              "context": null,
              "code": "if (mongoose.connection.readyState !== 0) {\n\tawait mongoose.connection.dropDatabase();\n\tawait mongoose.disconnect();\n}\nif (mongoServer) {\n\tawait mongoServer.stop();\n}",
              "err": {},
              "uuid": "04677c67-d088-4d95-b32c-2280a5fc08f7",
              "parentUUID": "e6fe1eaf-4e86-49e0-a02e-aa44d301951e",
              "isHook": true,
              "skipped": false
            }
          ],
          "tests": [
            {
              "title": "addVitals should create vitals and return 201",
              "fullTitle": "vitalsService (integration) addVitals should create vitals and return 201",
              "timedOut": false,
              "duration": 63,
              "state": "passed",
              "speed": "medium",
              "pass": true,
              "fail": false,
              "pending": false,
              "context": null,
              "code": "const req = {\n\tparams: { patientId: \"p1\" },\n\tbody: {\n\t\ttemperature: 37,\n\t\tbp_systolic: 120,\n\t\tbp_diastolic: 80,\n\t\tpulse: 70,\n\t\tsource: \"device\",\n\t\tcreatedBy: \"Nurse\",\n\t\tupdatedBy: \"Nurse\",\n\t},\n\tuser: { name: \"Nurse\" },\n};\nconst res = {\n\tstatus: function (code) {\n\t\tthis.statusCode = code;\n\t\treturn this;\n\t},\n\tjson: function (data) {\n\t\tthis.data = data;\n\t\treturn this;\n\t},\n};\nawait vitalsService.addVitals(req, res);\nexpect(res.statusCode).to.equal(201);\nexpect(res.data).to.have.property(\"patientId\", \"p1\");",
              "err": {},
              "uuid": "baca0f36-66b4-4b32-8036-66f1e0ed3b3e",
              "parentUUID": "e6fe1eaf-4e86-49e0-a02e-aa44d301951e",
              "isHook": false,
              "skipped": false
            },
            {
              "title": "getVitals should return vitals array",
              "fullTitle": "vitalsService (integration) getVitals should return vitals array",
              "timedOut": false,
              "duration": 5,
              "state": "passed",
              "speed": "fast",
              "pass": true,
              "fail": false,
              "pending": false,
              "context": null,
              "code": "await Vitals.create({\n\tpatientId: \"p1\",\n\ttemperature: 37,\n\tbp_systolic: 120,\n\tbp_diastolic: 80,\n\tpulse: 70,\n\tsource: \"device\",\n\tcreatedBy: \"Nurse\",\n\tupdatedBy: \"Nurse\",\n});\nconst req = { params: { patientId: \"p1\" } };\nconst res = {\n\tjson: function (data) {\n\t\tthis.data = data;\n\t\treturn this;\n\t},\n};\nawait vitalsService.getVitals(req, res);\nexpect(res.data).to.be.an(\"array\");\nexpect(res.data[0]).to.have.property(\"patientId\", \"p1\");",
              "err": {},
              "uuid": "510598f0-8980-4236-9854-a39b711c4d09",
              "parentUUID": "e6fe1eaf-4e86-49e0-a02e-aa44d301951e",
              "isHook": false,
              "skipped": false
            }
          ],
          "suites": [],
          "passes": [
            "baca0f36-66b4-4b32-8036-66f1e0ed3b3e",
            "510598f0-8980-4236-9854-a39b711c4d09"
          ],
          "failures": [],
          "pending": [],
          "skipped": [],
          "duration": 68,
          "root": false,
          "rootEmpty": false,
          "_timeout": 20000
        }
      ],
      "passes": [],
      "failures": [],
      "pending": [],
      "skipped": [],
      "duration": 0,
      "root": true,
      "rootEmpty": true,
      "_timeout": 2000
    }
  ],
  "meta": {
    "mocha": {
      "version": "10.8.2"
    },
    "mochawesome": {
      "options": {
        "quiet": false,
        "reportFilename": "mochawesome",
        "saveHtml": true,
        "saveJson": true,
        "consoleReporter": "spec",
        "useInlineDiffs": false,
        "code": true
      },
      "version": "7.1.4"
    },
    "marge": {
      "options": null,
      "version": "6.3.2"
    }
  }
}