{
  "stats": {
    "suites": 3,
    "tests": 3,
    "passes": 3,
    "pending": 0,
    "failures": 0,
    "start": "2026-03-29T17:31:47.136Z",
    "end": "2026-03-29T17:31:51.352Z",
    "duration": 4216,
    "testsRegistered": 3,
    "passPercent": 100,
    "pendingPercent": 0,
    "other": 0,
    "hasOther": false,
    "skipped": 0,
    "hasSkipped": false
  },
  "results": [
    {
      "uuid": "e789b06d-8c95-421c-ae26-103060ee0365",
      "title": "",
      "fullFile": "/Users/bristi/Desktop/Projects/HWU/HWU - DevOPs/Coursework/Coursework/services/auth-service/test/authService.test.js",
      "file": "/test/authService.test.js",
      "beforeHooks": [],
      "afterHooks": [],
      "tests": [],
      "suites": [
        {
          "uuid": "71a735f2-f632-4f64-bf0a-cfe75b6285f7",
          "title": "authService (integration)",
          "fullFile": "/Users/bristi/Desktop/Projects/HWU/HWU - DevOPs/Coursework/Coursework/services/auth-service/test/authService.test.js",
          "file": "/test/authService.test.js",
          "beforeHooks": [
            {
              "title": "\"before all\" hook in \"authService (integration)\"",
              "fullTitle": "authService (integration) \"before all\" hook in \"authService (integration)\"",
              "timedOut": false,
              "duration": 3490,
              "state": null,
              "speed": null,
              "pass": false,
              "fail": false,
              "pending": false,
              "context": null,
              "code": "process.env.JWT_SECRET = process.env.JWT_SECRET || \"test-jwt-secret\";\nmongoServer = await MongoMemoryServer.create();\nawait mongoose.connect(mongoServer.getUri(), {\n\tdbName: \"mocha_Test\",\n});",
              "err": {},
              "uuid": "932a377d-b4c6-4b41-8728-111a7c59c3c1",
              "parentUUID": "71a735f2-f632-4f64-bf0a-cfe75b6285f7",
              "isHook": true,
              "skipped": false
            },
            {
              "title": "\"before each\" hook in \"authService (integration)\"",
              "fullTitle": "authService (integration) \"before each\" hook in \"authService (integration)\"",
              "timedOut": false,
              "duration": 1,
              "state": null,
              "speed": null,
              "pass": false,
              "fail": false,
              "pending": false,
              "context": null,
              "code": "await User.deleteMany({});\nawait DoctorSchedule.deleteMany({});",
              "err": {},
              "uuid": "f738115b-ad8d-4f5d-bc68-e73b588fbd07",
              "parentUUID": "71a735f2-f632-4f64-bf0a-cfe75b6285f7",
              "isHook": true,
              "skipped": false
            }
          ],
          "afterHooks": [
            {
              "title": "\"after all\" hook in \"authService (integration)\"",
              "fullTitle": "authService (integration) \"after all\" hook in \"authService (integration)\"",
              "timedOut": false,
              "duration": 120,
              "state": null,
              "speed": null,
              "pass": false,
              "fail": false,
              "pending": false,
              "context": null,
              "code": "if (mongoose.connection.readyState !== 0) {\n\tawait mongoose.connection.dropDatabase();\n\tawait mongoose.disconnect();\n}\nif (mongoServer) {\n\tawait mongoServer.stop();\n}",
              "err": {},
              "uuid": "552945ce-258c-45eb-b88c-57833c6d7625",
              "parentUUID": "71a735f2-f632-4f64-bf0a-cfe75b6285f7",
              "isHook": true,
              "skipped": false
            }
          ],
          "tests": [],
          "suites": [
            {
              "uuid": "e156a03d-e34b-467a-b233-c10fd7f71488",
              "title": "register",
              "fullFile": "/Users/bristi/Desktop/Projects/HWU/HWU - DevOPs/Coursework/Coursework/services/auth-service/test/authService.test.js",
              "file": "/test/authService.test.js",
              "beforeHooks": [],
              "afterHooks": [],
              "tests": [
                {
                  "title": "should create user and return token",
                  "fullTitle": "authService (integration) register should create user and return token",
                  "timedOut": false,
                  "duration": 299,
                  "state": "passed",
                  "speed": "slow",
                  "pass": true,
                  "fail": false,
                  "pending": false,
                  "context": null,
                  "code": "const result = await authService.register({\n\temail: \"new@example.com\",\n\tpassword: \"pw123456\",\n\tfirstName: \"A\",\n\tlastName: \"B\",\n});\nexpect(result).to.have.property(\"token\");\nconst user = await User.findOne({ email: \"new@example.com\" });\nexpect(user).to.exist;",
                  "err": {},
                  "uuid": "ad5e2028-4b6b-4ed9-ae4b-5ee16e1d548a",
                  "parentUUID": "e156a03d-e34b-467a-b233-c10fd7f71488",
                  "isHook": false,
                  "skipped": false
                },
                {
                  "title": "should throw if user exists",
                  "fullTitle": "authService (integration) register should throw if user exists",
                  "timedOut": false,
                  "duration": 275,
                  "state": "passed",
                  "speed": "slow",
                  "pass": true,
                  "fail": false,
                  "pending": false,
                  "context": null,
                  "code": "await authService.register({\n\temail: \"new@example.com\",\n\tpassword: \"pw123456\",\n\tfirstName: \"A\",\n\tlastName: \"B\",\n});\ntry {\n\tawait authService.register({\n\t\temail: \"new@example.com\",\n\t\tpassword: \"pw123456\",\n\t\tfirstName: \"A\",\n\t\tlastName: \"B\",\n\t});\n\tthrow new Error(\"Should have thrown\");\n} catch (err) {\n\texpect(err.message).to.match(/already exists/);\n}",
                  "err": {},
                  "uuid": "fd2ece78-9d87-48b6-8f7e-14097d4f8009",
                  "parentUUID": "e156a03d-e34b-467a-b233-c10fd7f71488",
                  "isHook": false,
                  "skipped": false
                }
              ],
              "suites": [],
              "passes": [
                "ad5e2028-4b6b-4ed9-ae4b-5ee16e1d548a",
                "fd2ece78-9d87-48b6-8f7e-14097d4f8009"
              ],
              "failures": [],
              "pending": [],
              "skipped": [],
              "duration": 574,
              "root": false,
              "rootEmpty": false,
              "_timeout": 20000
            },
            {
              "uuid": "cb81cd20-c08e-40b5-8c47-6cb5cf9b0f98",
              "title": "login",
              "fullFile": "/Users/bristi/Desktop/Projects/HWU/HWU - DevOPs/Coursework/Coursework/services/auth-service/test/authService.test.js",
              "file": "/test/authService.test.js",
              "beforeHooks": [],
              "afterHooks": [],
              "tests": [
                {
                  "title": "should throw if user not found",
                  "fullTitle": "authService (integration) login should throw if user not found",
                  "timedOut": false,
                  "duration": 1,
                  "state": "passed",
                  "speed": "fast",
                  "pass": true,
                  "fail": false,
                  "pending": false,
                  "context": null,
                  "code": "try {\n\tawait authService.login(\"notfound@example.com\", \"pw\");\n\tthrow new Error(\"Should have thrown\");\n} catch (err) {\n\texpect(err.message).to.match(/Invalid email or password/);\n}",
                  "err": {},
                  "uuid": "becbefde-5fcf-4784-aff6-b3ef745a70b1",
                  "parentUUID": "cb81cd20-c08e-40b5-8c47-6cb5cf9b0f98",
                  "isHook": false,
                  "skipped": false
                }
              ],
              "suites": [],
              "passes": [
                "becbefde-5fcf-4784-aff6-b3ef745a70b1"
              ],
              "failures": [],
              "pending": [],
              "skipped": [],
              "duration": 1,
              "root": false,
              "rootEmpty": false,
              "_timeout": 20000
            }
          ],
          "passes": [],
          "failures": [],
          "pending": [],
          "skipped": [],
          "duration": 0,
          "root": false,
          "rootEmpty": false,
          "_timeout": 20000
        }
      ],
      "passes": [],
      "failures": [],
      "pending": [],
      "skipped": [],
      "duration": 0,
      "root": true,
      "rootEmpty": true,
      "_timeout": 2000
    }
  ],
  "meta": {
    "mocha": {
      "version": "10.8.2"
    },
    "mochawesome": {
      "options": {
        "quiet": false,
        "reportFilename": "mochawesome",
        "saveHtml": true,
        "saveJson": true,
        "consoleReporter": "spec",
        "useInlineDiffs": false,
        "code": true
      },
      "version": "7.1.4"
    },
    "marge": {
      "options": null,
      "version": "6.3.2"
    }
  }
}